INFO - 2023-06-04 02:52:04 --> Session: Class initialized using 'CodeIgniter\Session\Handlers\FileHandler' driver.
INFO - 2023-06-04 02:53:30 --> Session: Class initialized using 'CodeIgniter\Session\Handlers\FileHandler' driver.
INFO - 2023-06-04 02:53:59 --> Session: Class initialized using 'CodeIgniter\Session\Handlers\FileHandler' driver.
INFO - 2023-06-04 02:53:59 --> Session: Class initialized using 'CodeIgniter\Session\Handlers\FileHandler' driver.
CRITICAL - 2023-06-04 03:05:02 --> Undefined variable $id_lokasi
in APPPATH\Controllers\Lokasi.php on line 111.
 1 APPPATH\Controllers\Lokasi.php(111): CodeIgniter\Debug\Exceptions->errorHandler(2, 'Undefined variable $id_lokasi', 'C:\\xampp\\htdocs\\gis_leaflet\\app\\Controllers\\Lokasi.php', 111)
 2 SYSTEMPATH\CodeIgniter.php(934): App\Controllers\Lokasi->editLokasi('1')
 3 SYSTEMPATH\CodeIgniter.php(499): CodeIgniter\CodeIgniter->runController(Object(App\Controllers\Lokasi))
 4 SYSTEMPATH\CodeIgniter.php(368): CodeIgniter\CodeIgniter->handleRequest(null, Object(Config\Cache), false)
 5 FCPATH\index.php(67): CodeIgniter\CodeIgniter->run()
CRITICAL - 2023-06-04 03:05:11 --> Too few arguments to function App\Models\ModelLokasi::getDataById(), 0 passed in C:\xampp\htdocs\gis_leaflet\app\Controllers\Lokasi.php on line 111 and exactly 1 expected
in APPPATH\Models\ModelLokasi.php on line 22.
 1 APPPATH\Controllers\Lokasi.php(111): App\Models\ModelLokasi->getDataById()
 2 SYSTEMPATH\CodeIgniter.php(934): App\Controllers\Lokasi->editLokasi('1')
 3 SYSTEMPATH\CodeIgniter.php(499): CodeIgniter\CodeIgniter->runController(Object(App\Controllers\Lokasi))
 4 SYSTEMPATH\CodeIgniter.php(368): CodeIgniter\CodeIgniter->handleRequest(null, Object(Config\Cache), false)
 5 FCPATH\index.php(67): CodeIgniter\CodeIgniter->run()
CRITICAL - 2023-06-04 03:05:44 --> Too few arguments to function App\Models\ModelLokasi::getDataById(), 0 passed in C:\xampp\htdocs\gis_leaflet\app\Controllers\Lokasi.php on line 111 and exactly 1 expected
in APPPATH\Models\ModelLokasi.php on line 22.
 1 APPPATH\Controllers\Lokasi.php(111): App\Models\ModelLokasi->getDataById()
 2 SYSTEMPATH\CodeIgniter.php(934): App\Controllers\Lokasi->editLokasi('1')
 3 SYSTEMPATH\CodeIgniter.php(499): CodeIgniter\CodeIgniter->runController(Object(App\Controllers\Lokasi))
 4 SYSTEMPATH\CodeIgniter.php(368): CodeIgniter\CodeIgniter->handleRequest(null, Object(Config\Cache), false)
 5 FCPATH\index.php(67): CodeIgniter\CodeIgniter->run()
INFO - 2023-06-04 03:07:56 --> Session: Class initialized using 'CodeIgniter\Session\Handlers\FileHandler' driver.
INFO - 2023-06-04 03:08:08 --> Session: Class initialized using 'CodeIgniter\Session\Handlers\FileHandler' driver.
INFO - 2023-06-04 03:09:13 --> Session: Class initialized using 'CodeIgniter\Session\Handlers\FileHandler' driver.
INFO - 2023-06-04 03:09:29 --> Session: Class initialized using 'CodeIgniter\Session\Handlers\FileHandler' driver.
INFO - 2023-06-04 03:09:44 --> Session: Class initialized using 'CodeIgniter\Session\Handlers\FileHandler' driver.
INFO - 2023-06-04 03:09:58 --> Session: Class initialized using 'CodeIgniter\Session\Handlers\FileHandler' driver.
INFO - 2023-06-04 03:12:01 --> Session: Class initialized using 'CodeIgniter\Session\Handlers\FileHandler' driver.
INFO - 2023-06-04 03:14:09 --> Session: Class initialized using 'CodeIgniter\Session\Handlers\FileHandler' driver.
INFO - 2023-06-04 03:14:15 --> Session: Class initialized using 'CodeIgniter\Session\Handlers\FileHandler' driver.
INFO - 2023-06-04 03:14:22 --> Session: Class initialized using 'CodeIgniter\Session\Handlers\FileHandler' driver.
INFO - 2023-06-04 03:14:28 --> Session: Class initialized using 'CodeIgniter\Session\Handlers\FileHandler' driver.
INFO - 2023-06-04 03:16:14 --> Session: Class initialized using 'CodeIgniter\Session\Handlers\FileHandler' driver.
INFO - 2023-06-04 03:31:02 --> Session: Class initialized using 'CodeIgniter\Session\Handlers\FileHandler' driver.
CRITICAL - 2023-06-04 03:31:08 --> Undefined array key "id_lokasi"
in APPPATH\Models\ModelLokasi.php on line 33.
 1 APPPATH\Models\ModelLokasi.php(33): CodeIgniter\Debug\Exceptions->errorHandler(2, 'Undefined array key "id_lokasi"', 'C:\\xampp\\htdocs\\gis_leaflet\\app\\Models\\ModelLokasi.php', 33)
 2 APPPATH\Controllers\Lokasi.php(178): App\Models\ModelLokasi->updateData([...])
 3 SYSTEMPATH\CodeIgniter.php(934): App\Controllers\Lokasi->updateData('4')
 4 SYSTEMPATH\CodeIgniter.php(499): CodeIgniter\CodeIgniter->runController(Object(App\Controllers\Lokasi))
 5 SYSTEMPATH\CodeIgniter.php(368): CodeIgniter\CodeIgniter->handleRequest(null, Object(Config\Cache), false)
 6 FCPATH\index.php(67): CodeIgniter\CodeIgniter->run()
INFO - 2023-06-04 03:33:12 --> Session: Class initialized using 'CodeIgniter\Session\Handlers\FileHandler' driver.
ERROR - 2023-06-04 03:33:15 --> mysqli_sql_exception: Duplicate entry '4' for key 'PRIMARY' in C:\xampp\htdocs\gis_leaflet\vendor\codeigniter4\framework\system\Database\MySQLi\Connection.php:295
Stack trace:
#0 C:\xampp\htdocs\gis_leaflet\vendor\codeigniter4\framework\system\Database\MySQLi\Connection.php(295): mysqli->query('INSERT INTO `tb...', 0)
#1 C:\xampp\htdocs\gis_leaflet\vendor\codeigniter4\framework\system\Database\BaseConnection.php(692): CodeIgniter\Database\MySQLi\Connection->execute('INSERT INTO `tb...')
#2 C:\xampp\htdocs\gis_leaflet\vendor\codeigniter4\framework\system\Database\BaseConnection.php(606): CodeIgniter\Database\BaseConnection->simpleQuery('INSERT INTO `tb...')
#3 C:\xampp\htdocs\gis_leaflet\vendor\codeigniter4\framework\system\Database\BaseBuilder.php(2309): CodeIgniter\Database\BaseConnection->query('INSERT INTO `tb...', Array, false)
#4 C:\xampp\htdocs\gis_leaflet\app\Models\ModelLokasi.php(34): CodeIgniter\Database\BaseBuilder->insert(Array)
#5 C:\xampp\htdocs\gis_leaflet\app\Controllers\Lokasi.php(179): App\Models\ModelLokasi->updateData(Array)
#6 C:\xampp\htdocs\gis_leaflet\vendor\codeigniter4\framework\system\CodeIgniter.php(934): App\Controllers\Lokasi->updateData('4')
#7 C:\xampp\htdocs\gis_leaflet\vendor\codeigniter4\framework\system\CodeIgniter.php(499): CodeIgniter\CodeIgniter->runController(Object(App\Controllers\Lokasi))
#8 C:\xampp\htdocs\gis_leaflet\vendor\codeigniter4\framework\system\CodeIgniter.php(368): CodeIgniter\CodeIgniter->handleRequest(NULL, Object(Config\Cache), false)
#9 C:\xampp\htdocs\gis_leaflet\public\index.php(67): CodeIgniter\CodeIgniter->run()
#10 {main}
CRITICAL - 2023-06-04 03:33:15 --> Duplicate entry '4' for key 'PRIMARY'
in SYSTEMPATH\Database\MySQLi\Connection.php on line 295.
 1 SYSTEMPATH\Database\MySQLi\Connection.php(295): mysqli->query('INSERT INTO `tbl_lokasi` (`id_lokasi`, `nama_lokasi`, `alamat_lokasi`, `latitude`, `longitude`, `foto_lokasi`) VALUES (\'4\', \'lokasi aaaa\', \'alamat a\', \'-6.580372294348256\', \'106.77500641479237\', \'1685757031_e7f6de986459c8358cfe.png\')', 0)
 2 SYSTEMPATH\Database\BaseConnection.php(692): CodeIgniter\Database\MySQLi\Connection->execute('INSERT INTO `tbl_lokasi` (`id_lokasi`, `nama_lokasi`, `alamat_lokasi`, `latitude`, `longitude`, `foto_lokasi`) VALUES (\'4\', \'lokasi aaaa\', \'alamat a\', \'-6.580372294348256\', \'106.77500641479237\', \'1685757031_e7f6de986459c8358cfe.png\')')
 3 SYSTEMPATH\Database\BaseConnection.php(606): CodeIgniter\Database\BaseConnection->simpleQuery('INSERT INTO `tbl_lokasi` (`id_lokasi`, `nama_lokasi`, `alamat_lokasi`, `latitude`, `longitude`, `foto_lokasi`) VALUES (\'4\', \'lokasi aaaa\', \'alamat a\', \'-6.580372294348256\', \'106.77500641479237\', \'1685757031_e7f6de986459c8358cfe.png\')')
 4 SYSTEMPATH\Database\BaseBuilder.php(2309): CodeIgniter\Database\BaseConnection->query('INSERT INTO `tbl_lokasi` (`id_lokasi`, `nama_lokasi`, `alamat_lokasi`, `latitude`, `longitude`, `foto_lokasi`) VALUES (:id_lokasi.1:, :nama_lokasi:, :alamat_lokasi:, :latitude:, :longitude:, :foto_lokasi:)', [...], false)
 5 APPPATH\Models\ModelLokasi.php(34): CodeIgniter\Database\BaseBuilder->insert([...])
 6 APPPATH\Controllers\Lokasi.php(179): App\Models\ModelLokasi->updateData([...])
 7 SYSTEMPATH\CodeIgniter.php(934): App\Controllers\Lokasi->updateData('4')
 8 SYSTEMPATH\CodeIgniter.php(499): CodeIgniter\CodeIgniter->runController(Object(App\Controllers\Lokasi))
 9 SYSTEMPATH\CodeIgniter.php(368): CodeIgniter\CodeIgniter->handleRequest(null, Object(Config\Cache), false)
10 FCPATH\index.php(67): CodeIgniter\CodeIgniter->run()
ERROR - 2023-06-04 03:33:41 --> mysqli_sql_exception: Duplicate entry '4' for key 'PRIMARY' in C:\xampp\htdocs\gis_leaflet\vendor\codeigniter4\framework\system\Database\MySQLi\Connection.php:295
Stack trace:
#0 C:\xampp\htdocs\gis_leaflet\vendor\codeigniter4\framework\system\Database\MySQLi\Connection.php(295): mysqli->query('INSERT INTO `tb...', 0)
#1 C:\xampp\htdocs\gis_leaflet\vendor\codeigniter4\framework\system\Database\BaseConnection.php(692): CodeIgniter\Database\MySQLi\Connection->execute('INSERT INTO `tb...')
#2 C:\xampp\htdocs\gis_leaflet\vendor\codeigniter4\framework\system\Database\BaseConnection.php(606): CodeIgniter\Database\BaseConnection->simpleQuery('INSERT INTO `tb...')
#3 C:\xampp\htdocs\gis_leaflet\vendor\codeigniter4\framework\system\Database\BaseBuilder.php(2309): CodeIgniter\Database\BaseConnection->query('INSERT INTO `tb...', Array, false)
#4 C:\xampp\htdocs\gis_leaflet\app\Models\ModelLokasi.php(34): CodeIgniter\Database\BaseBuilder->insert(Array)
#5 C:\xampp\htdocs\gis_leaflet\app\Controllers\Lokasi.php(179): App\Models\ModelLokasi->updateData(Array)
#6 C:\xampp\htdocs\gis_leaflet\vendor\codeigniter4\framework\system\CodeIgniter.php(934): App\Controllers\Lokasi->updateData('4')
#7 C:\xampp\htdocs\gis_leaflet\vendor\codeigniter4\framework\system\CodeIgniter.php(499): CodeIgniter\CodeIgniter->runController(Object(App\Controllers\Lokasi))
#8 C:\xampp\htdocs\gis_leaflet\vendor\codeigniter4\framework\system\CodeIgniter.php(368): CodeIgniter\CodeIgniter->handleRequest(NULL, Object(Config\Cache), false)
#9 C:\xampp\htdocs\gis_leaflet\public\index.php(67): CodeIgniter\CodeIgniter->run()
#10 {main}
CRITICAL - 2023-06-04 03:33:41 --> Duplicate entry '4' for key 'PRIMARY'
in SYSTEMPATH\Database\MySQLi\Connection.php on line 295.
 1 SYSTEMPATH\Database\MySQLi\Connection.php(295): mysqli->query('INSERT INTO `tbl_lokasi` (`id_lokasi`, `nama_lokasi`, `alamat_lokasi`, `latitude`, `longitude`, `foto_lokasi`) VALUES (\'4\', \'lokasi aaaa\', \'alamat a\', \'-6.580372294348256\', \'106.77500641479237\', \'1685757031_e7f6de986459c8358cfe.png\')', 0)
 2 SYSTEMPATH\Database\BaseConnection.php(692): CodeIgniter\Database\MySQLi\Connection->execute('INSERT INTO `tbl_lokasi` (`id_lokasi`, `nama_lokasi`, `alamat_lokasi`, `latitude`, `longitude`, `foto_lokasi`) VALUES (\'4\', \'lokasi aaaa\', \'alamat a\', \'-6.580372294348256\', \'106.77500641479237\', \'1685757031_e7f6de986459c8358cfe.png\')')
 3 SYSTEMPATH\Database\BaseConnection.php(606): CodeIgniter\Database\BaseConnection->simpleQuery('INSERT INTO `tbl_lokasi` (`id_lokasi`, `nama_lokasi`, `alamat_lokasi`, `latitude`, `longitude`, `foto_lokasi`) VALUES (\'4\', \'lokasi aaaa\', \'alamat a\', \'-6.580372294348256\', \'106.77500641479237\', \'1685757031_e7f6de986459c8358cfe.png\')')
 4 SYSTEMPATH\Database\BaseBuilder.php(2309): CodeIgniter\Database\BaseConnection->query('INSERT INTO `tbl_lokasi` (`id_lokasi`, `nama_lokasi`, `alamat_lokasi`, `latitude`, `longitude`, `foto_lokasi`) VALUES (:id_lokasi.1:, :nama_lokasi:, :alamat_lokasi:, :latitude:, :longitude:, :foto_lokasi:)', [...], false)
 5 APPPATH\Models\ModelLokasi.php(34): CodeIgniter\Database\BaseBuilder->insert([...])
 6 APPPATH\Controllers\Lokasi.php(179): App\Models\ModelLokasi->updateData([...])
 7 SYSTEMPATH\CodeIgniter.php(934): App\Controllers\Lokasi->updateData('4')
 8 SYSTEMPATH\CodeIgniter.php(499): CodeIgniter\CodeIgniter->runController(Object(App\Controllers\Lokasi))
 9 SYSTEMPATH\CodeIgniter.php(368): CodeIgniter\CodeIgniter->handleRequest(null, Object(Config\Cache), false)
10 FCPATH\index.php(67): CodeIgniter\CodeIgniter->run()
INFO - 2023-06-04 03:33:42 --> Session: Class initialized using 'CodeIgniter\Session\Handlers\FileHandler' driver.
ERROR - 2023-06-04 03:33:46 --> mysqli_sql_exception: Duplicate entry '4' for key 'PRIMARY' in C:\xampp\htdocs\gis_leaflet\vendor\codeigniter4\framework\system\Database\MySQLi\Connection.php:295
Stack trace:
#0 C:\xampp\htdocs\gis_leaflet\vendor\codeigniter4\framework\system\Database\MySQLi\Connection.php(295): mysqli->query('INSERT INTO `tb...', 0)
#1 C:\xampp\htdocs\gis_leaflet\vendor\codeigniter4\framework\system\Database\BaseConnection.php(692): CodeIgniter\Database\MySQLi\Connection->execute('INSERT INTO `tb...')
#2 C:\xampp\htdocs\gis_leaflet\vendor\codeigniter4\framework\system\Database\BaseConnection.php(606): CodeIgniter\Database\BaseConnection->simpleQuery('INSERT INTO `tb...')
#3 C:\xampp\htdocs\gis_leaflet\vendor\codeigniter4\framework\system\Database\BaseBuilder.php(2309): CodeIgniter\Database\BaseConnection->query('INSERT INTO `tb...', Array, false)
#4 C:\xampp\htdocs\gis_leaflet\app\Models\ModelLokasi.php(34): CodeIgniter\Database\BaseBuilder->insert(Array)
#5 C:\xampp\htdocs\gis_leaflet\app\Controllers\Lokasi.php(179): App\Models\ModelLokasi->updateData(Array)
#6 C:\xampp\htdocs\gis_leaflet\vendor\codeigniter4\framework\system\CodeIgniter.php(934): App\Controllers\Lokasi->updateData('4')
#7 C:\xampp\htdocs\gis_leaflet\vendor\codeigniter4\framework\system\CodeIgniter.php(499): CodeIgniter\CodeIgniter->runController(Object(App\Controllers\Lokasi))
#8 C:\xampp\htdocs\gis_leaflet\vendor\codeigniter4\framework\system\CodeIgniter.php(368): CodeIgniter\CodeIgniter->handleRequest(NULL, Object(Config\Cache), false)
#9 C:\xampp\htdocs\gis_leaflet\public\index.php(67): CodeIgniter\CodeIgniter->run()
#10 {main}
CRITICAL - 2023-06-04 03:33:46 --> Duplicate entry '4' for key 'PRIMARY'
in SYSTEMPATH\Database\MySQLi\Connection.php on line 295.
 1 SYSTEMPATH\Database\MySQLi\Connection.php(295): mysqli->query('INSERT INTO `tbl_lokasi` (`id_lokasi`, `nama_lokasi`, `alamat_lokasi`, `latitude`, `longitude`, `foto_lokasi`) VALUES (\'4\', \'lokasi aaa\', \'alamat a\', \'-6.580372294348256\', \'106.77500641479237\', \'1685757031_e7f6de986459c8358cfe.png\')', 0)
 2 SYSTEMPATH\Database\BaseConnection.php(692): CodeIgniter\Database\MySQLi\Connection->execute('INSERT INTO `tbl_lokasi` (`id_lokasi`, `nama_lokasi`, `alamat_lokasi`, `latitude`, `longitude`, `foto_lokasi`) VALUES (\'4\', \'lokasi aaa\', \'alamat a\', \'-6.580372294348256\', \'106.77500641479237\', \'1685757031_e7f6de986459c8358cfe.png\')')
 3 SYSTEMPATH\Database\BaseConnection.php(606): CodeIgniter\Database\BaseConnection->simpleQuery('INSERT INTO `tbl_lokasi` (`id_lokasi`, `nama_lokasi`, `alamat_lokasi`, `latitude`, `longitude`, `foto_lokasi`) VALUES (\'4\', \'lokasi aaa\', \'alamat a\', \'-6.580372294348256\', \'106.77500641479237\', \'1685757031_e7f6de986459c8358cfe.png\')')
 4 SYSTEMPATH\Database\BaseBuilder.php(2309): CodeIgniter\Database\BaseConnection->query('INSERT INTO `tbl_lokasi` (`id_lokasi`, `nama_lokasi`, `alamat_lokasi`, `latitude`, `longitude`, `foto_lokasi`) VALUES (:id_lokasi.1:, :nama_lokasi:, :alamat_lokasi:, :latitude:, :longitude:, :foto_lokasi:)', [...], false)
 5 APPPATH\Models\ModelLokasi.php(34): CodeIgniter\Database\BaseBuilder->insert([...])
 6 APPPATH\Controllers\Lokasi.php(179): App\Models\ModelLokasi->updateData([...])
 7 SYSTEMPATH\CodeIgniter.php(934): App\Controllers\Lokasi->updateData('4')
 8 SYSTEMPATH\CodeIgniter.php(499): CodeIgniter\CodeIgniter->runController(Object(App\Controllers\Lokasi))
 9 SYSTEMPATH\CodeIgniter.php(368): CodeIgniter\CodeIgniter->handleRequest(null, Object(Config\Cache), false)
10 FCPATH\index.php(67): CodeIgniter\CodeIgniter->run()
ERROR - 2023-06-04 03:57:17 --> mysqli_sql_exception: Duplicate entry '4' for key 'PRIMARY' in C:\xampp\htdocs\gis_leaflet\vendor\codeigniter4\framework\system\Database\MySQLi\Connection.php:295
Stack trace:
#0 C:\xampp\htdocs\gis_leaflet\vendor\codeigniter4\framework\system\Database\MySQLi\Connection.php(295): mysqli->query('INSERT INTO `tb...', 0)
#1 C:\xampp\htdocs\gis_leaflet\vendor\codeigniter4\framework\system\Database\BaseConnection.php(692): CodeIgniter\Database\MySQLi\Connection->execute('INSERT INTO `tb...')
#2 C:\xampp\htdocs\gis_leaflet\vendor\codeigniter4\framework\system\Database\BaseConnection.php(606): CodeIgniter\Database\BaseConnection->simpleQuery('INSERT INTO `tb...')
#3 C:\xampp\htdocs\gis_leaflet\vendor\codeigniter4\framework\system\Database\BaseBuilder.php(2309): CodeIgniter\Database\BaseConnection->query('INSERT INTO `tb...', Array, false)
#4 C:\xampp\htdocs\gis_leaflet\app\Models\ModelLokasi.php(34): CodeIgniter\Database\BaseBuilder->insert(Array)
#5 C:\xampp\htdocs\gis_leaflet\app\Controllers\Lokasi.php(177): App\Models\ModelLokasi->updateData(Array)
#6 C:\xampp\htdocs\gis_leaflet\vendor\codeigniter4\framework\system\CodeIgniter.php(934): App\Controllers\Lokasi->updateData('4')
#7 C:\xampp\htdocs\gis_leaflet\vendor\codeigniter4\framework\system\CodeIgniter.php(499): CodeIgniter\CodeIgniter->runController(Object(App\Controllers\Lokasi))
#8 C:\xampp\htdocs\gis_leaflet\vendor\codeigniter4\framework\system\CodeIgniter.php(368): CodeIgniter\CodeIgniter->handleRequest(NULL, Object(Config\Cache), false)
#9 C:\xampp\htdocs\gis_leaflet\public\index.php(67): CodeIgniter\CodeIgniter->run()
#10 {main}
CRITICAL - 2023-06-04 03:57:17 --> Duplicate entry '4' for key 'PRIMARY'
in SYSTEMPATH\Database\MySQLi\Connection.php on line 295.
 1 SYSTEMPATH\Database\MySQLi\Connection.php(295): mysqli->query('INSERT INTO `tbl_lokasi` (`id_lokasi`, `nama_lokasi`, `alamat_lokasi`, `latitude`, `longitude`, `foto_lokasi`) VALUES (\'4\', \'lokasi aaa\', \'alamat a\', \'-6.580372294348256\', \'106.77500641479237\', \'1685757031_e7f6de986459c8358cfe.png\')', 0)
 2 SYSTEMPATH\Database\BaseConnection.php(692): CodeIgniter\Database\MySQLi\Connection->execute('INSERT INTO `tbl_lokasi` (`id_lokasi`, `nama_lokasi`, `alamat_lokasi`, `latitude`, `longitude`, `foto_lokasi`) VALUES (\'4\', \'lokasi aaa\', \'alamat a\', \'-6.580372294348256\', \'106.77500641479237\', \'1685757031_e7f6de986459c8358cfe.png\')')
 3 SYSTEMPATH\Database\BaseConnection.php(606): CodeIgniter\Database\BaseConnection->simpleQuery('INSERT INTO `tbl_lokasi` (`id_lokasi`, `nama_lokasi`, `alamat_lokasi`, `latitude`, `longitude`, `foto_lokasi`) VALUES (\'4\', \'lokasi aaa\', \'alamat a\', \'-6.580372294348256\', \'106.77500641479237\', \'1685757031_e7f6de986459c8358cfe.png\')')
 4 SYSTEMPATH\Database\BaseBuilder.php(2309): CodeIgniter\Database\BaseConnection->query('INSERT INTO `tbl_lokasi` (`id_lokasi`, `nama_lokasi`, `alamat_lokasi`, `latitude`, `longitude`, `foto_lokasi`) VALUES (:id_lokasi.1:, :nama_lokasi:, :alamat_lokasi:, :latitude:, :longitude:, :foto_lokasi:)', [...], false)
 5 APPPATH\Models\ModelLokasi.php(34): CodeIgniter\Database\BaseBuilder->insert([...])
 6 APPPATH\Controllers\Lokasi.php(177): App\Models\ModelLokasi->updateData([...])
 7 SYSTEMPATH\CodeIgniter.php(934): App\Controllers\Lokasi->updateData('4')
 8 SYSTEMPATH\CodeIgniter.php(499): CodeIgniter\CodeIgniter->runController(Object(App\Controllers\Lokasi))
 9 SYSTEMPATH\CodeIgniter.php(368): CodeIgniter\CodeIgniter->handleRequest(null, Object(Config\Cache), false)
10 FCPATH\index.php(67): CodeIgniter\CodeIgniter->run()
INFO - 2023-06-04 03:58:21 --> Session: Class initialized using 'CodeIgniter\Session\Handlers\FileHandler' driver.
ERROR - 2023-06-04 03:58:27 --> mysqli_sql_exception: Duplicate entry '4' for key 'PRIMARY' in C:\xampp\htdocs\gis_leaflet\vendor\codeigniter4\framework\system\Database\MySQLi\Connection.php:295
Stack trace:
#0 C:\xampp\htdocs\gis_leaflet\vendor\codeigniter4\framework\system\Database\MySQLi\Connection.php(295): mysqli->query('INSERT INTO `tb...', 0)
#1 C:\xampp\htdocs\gis_leaflet\vendor\codeigniter4\framework\system\Database\BaseConnection.php(692): CodeIgniter\Database\MySQLi\Connection->execute('INSERT INTO `tb...')
#2 C:\xampp\htdocs\gis_leaflet\vendor\codeigniter4\framework\system\Database\BaseConnection.php(606): CodeIgniter\Database\BaseConnection->simpleQuery('INSERT INTO `tb...')
#3 C:\xampp\htdocs\gis_leaflet\vendor\codeigniter4\framework\system\Database\BaseBuilder.php(2309): CodeIgniter\Database\BaseConnection->query('INSERT INTO `tb...', Array, false)
#4 C:\xampp\htdocs\gis_leaflet\app\Models\ModelLokasi.php(34): CodeIgniter\Database\BaseBuilder->insert(Array)
#5 C:\xampp\htdocs\gis_leaflet\app\Controllers\Lokasi.php(177): App\Models\ModelLokasi->updateData(Array)
#6 C:\xampp\htdocs\gis_leaflet\vendor\codeigniter4\framework\system\CodeIgniter.php(934): App\Controllers\Lokasi->updateData('4')
#7 C:\xampp\htdocs\gis_leaflet\vendor\codeigniter4\framework\system\CodeIgniter.php(499): CodeIgniter\CodeIgniter->runController(Object(App\Controllers\Lokasi))
#8 C:\xampp\htdocs\gis_leaflet\vendor\codeigniter4\framework\system\CodeIgniter.php(368): CodeIgniter\CodeIgniter->handleRequest(NULL, Object(Config\Cache), false)
#9 C:\xampp\htdocs\gis_leaflet\public\index.php(67): CodeIgniter\CodeIgniter->run()
#10 {main}
CRITICAL - 2023-06-04 03:58:27 --> Duplicate entry '4' for key 'PRIMARY'
in SYSTEMPATH\Database\MySQLi\Connection.php on line 295.
 1 SYSTEMPATH\Database\MySQLi\Connection.php(295): mysqli->query('INSERT INTO `tbl_lokasi` (`id_lokasi`, `nama_lokasi`, `alamat_lokasi`, `latitude`, `longitude`, `foto_lokasi`) VALUES (\'4\', \'lokasi aaa\', \'alamat a\', \'-6.580372294348256\', \'106.77500641479237\', \'1685757031_e7f6de986459c8358cfe.png\')', 0)
 2 SYSTEMPATH\Database\BaseConnection.php(692): CodeIgniter\Database\MySQLi\Connection->execute('INSERT INTO `tbl_lokasi` (`id_lokasi`, `nama_lokasi`, `alamat_lokasi`, `latitude`, `longitude`, `foto_lokasi`) VALUES (\'4\', \'lokasi aaa\', \'alamat a\', \'-6.580372294348256\', \'106.77500641479237\', \'1685757031_e7f6de986459c8358cfe.png\')')
 3 SYSTEMPATH\Database\BaseConnection.php(606): CodeIgniter\Database\BaseConnection->simpleQuery('INSERT INTO `tbl_lokasi` (`id_lokasi`, `nama_lokasi`, `alamat_lokasi`, `latitude`, `longitude`, `foto_lokasi`) VALUES (\'4\', \'lokasi aaa\', \'alamat a\', \'-6.580372294348256\', \'106.77500641479237\', \'1685757031_e7f6de986459c8358cfe.png\')')
 4 SYSTEMPATH\Database\BaseBuilder.php(2309): CodeIgniter\Database\BaseConnection->query('INSERT INTO `tbl_lokasi` (`id_lokasi`, `nama_lokasi`, `alamat_lokasi`, `latitude`, `longitude`, `foto_lokasi`) VALUES (:id_lokasi.1:, :nama_lokasi:, :alamat_lokasi:, :latitude:, :longitude:, :foto_lokasi:)', [...], false)
 5 APPPATH\Models\ModelLokasi.php(34): CodeIgniter\Database\BaseBuilder->insert([...])
 6 APPPATH\Controllers\Lokasi.php(177): App\Models\ModelLokasi->updateData([...])
 7 SYSTEMPATH\CodeIgniter.php(934): App\Controllers\Lokasi->updateData('4')
 8 SYSTEMPATH\CodeIgniter.php(499): CodeIgniter\CodeIgniter->runController(Object(App\Controllers\Lokasi))
 9 SYSTEMPATH\CodeIgniter.php(368): CodeIgniter\CodeIgniter->handleRequest(null, Object(Config\Cache), false)
10 FCPATH\index.php(67): CodeIgniter\CodeIgniter->run()
INFO - 2023-06-04 03:58:29 --> Session: Class initialized using 'CodeIgniter\Session\Handlers\FileHandler' driver.
INFO - 2023-06-04 04:01:27 --> Session: Class initialized using 'CodeIgniter\Session\Handlers\FileHandler' driver.
INFO - 2023-06-04 04:02:15 --> Session: Class initialized using 'CodeIgniter\Session\Handlers\FileHandler' driver.
ERROR - 2023-06-04 04:02:17 --> mysqli_sql_exception: Duplicate entry '1' for key 'PRIMARY' in C:\xampp\htdocs\gis_leaflet\vendor\codeigniter4\framework\system\Database\MySQLi\Connection.php:295
Stack trace:
#0 C:\xampp\htdocs\gis_leaflet\vendor\codeigniter4\framework\system\Database\MySQLi\Connection.php(295): mysqli->query('INSERT INTO `tb...', 0)
#1 C:\xampp\htdocs\gis_leaflet\vendor\codeigniter4\framework\system\Database\BaseConnection.php(692): CodeIgniter\Database\MySQLi\Connection->execute('INSERT INTO `tb...')
#2 C:\xampp\htdocs\gis_leaflet\vendor\codeigniter4\framework\system\Database\BaseConnection.php(606): CodeIgniter\Database\BaseConnection->simpleQuery('INSERT INTO `tb...')
#3 C:\xampp\htdocs\gis_leaflet\vendor\codeigniter4\framework\system\Database\BaseBuilder.php(2309): CodeIgniter\Database\BaseConnection->query('INSERT INTO `tb...', Array, false)
#4 C:\xampp\htdocs\gis_leaflet\app\Models\ModelLokasi.php(34): CodeIgniter\Database\BaseBuilder->insert(Array)
#5 C:\xampp\htdocs\gis_leaflet\app\Controllers\Lokasi.php(177): App\Models\ModelLokasi->updateData(Array)
#6 C:\xampp\htdocs\gis_leaflet\vendor\codeigniter4\framework\system\CodeIgniter.php(934): App\Controllers\Lokasi->updateData('1')
#7 C:\xampp\htdocs\gis_leaflet\vendor\codeigniter4\framework\system\CodeIgniter.php(499): CodeIgniter\CodeIgniter->runController(Object(App\Controllers\Lokasi))
#8 C:\xampp\htdocs\gis_leaflet\vendor\codeigniter4\framework\system\CodeIgniter.php(368): CodeIgniter\CodeIgniter->handleRequest(NULL, Object(Config\Cache), false)
#9 C:\xampp\htdocs\gis_leaflet\public\index.php(67): CodeIgniter\CodeIgniter->run()
#10 {main}
CRITICAL - 2023-06-04 04:02:17 --> Duplicate entry '1' for key 'PRIMARY'
in SYSTEMPATH\Database\MySQLi\Connection.php on line 295.
 1 SYSTEMPATH\Database\MySQLi\Connection.php(295): mysqli->query('INSERT INTO `tbl_lokasi` (`id_lokasi`, `nama_lokasi`, `alamat_lokasi`, `latitude`, `longitude`, `foto_lokasi`) VALUES (\'1\', \'Rumah Ikhsan\', \'Gg. Kelor\', \'-6.579829107569943\', \'106.77251144882501\', \'1685272364_6c5d3569a1ef979b82a5.png\')', 0)
 2 SYSTEMPATH\Database\BaseConnection.php(692): CodeIgniter\Database\MySQLi\Connection->execute('INSERT INTO `tbl_lokasi` (`id_lokasi`, `nama_lokasi`, `alamat_lokasi`, `latitude`, `longitude`, `foto_lokasi`) VALUES (\'1\', \'Rumah Ikhsan\', \'Gg. Kelor\', \'-6.579829107569943\', \'106.77251144882501\', \'1685272364_6c5d3569a1ef979b82a5.png\')')
 3 SYSTEMPATH\Database\BaseConnection.php(606): CodeIgniter\Database\BaseConnection->simpleQuery('INSERT INTO `tbl_lokasi` (`id_lokasi`, `nama_lokasi`, `alamat_lokasi`, `latitude`, `longitude`, `foto_lokasi`) VALUES (\'1\', \'Rumah Ikhsan\', \'Gg. Kelor\', \'-6.579829107569943\', \'106.77251144882501\', \'1685272364_6c5d3569a1ef979b82a5.png\')')
 4 SYSTEMPATH\Database\BaseBuilder.php(2309): CodeIgniter\Database\BaseConnection->query('INSERT INTO `tbl_lokasi` (`id_lokasi`, `nama_lokasi`, `alamat_lokasi`, `latitude`, `longitude`, `foto_lokasi`) VALUES (:id_lokasi.1:, :nama_lokasi:, :alamat_lokasi:, :latitude:, :longitude:, :foto_lokasi:)', [...], false)
 5 APPPATH\Models\ModelLokasi.php(34): CodeIgniter\Database\BaseBuilder->insert([...])
 6 APPPATH\Controllers\Lokasi.php(177): App\Models\ModelLokasi->updateData([...])
 7 SYSTEMPATH\CodeIgniter.php(934): App\Controllers\Lokasi->updateData('1')
 8 SYSTEMPATH\CodeIgniter.php(499): CodeIgniter\CodeIgniter->runController(Object(App\Controllers\Lokasi))
 9 SYSTEMPATH\CodeIgniter.php(368): CodeIgniter\CodeIgniter->handleRequest(null, Object(Config\Cache), false)
10 FCPATH\index.php(67): CodeIgniter\CodeIgniter->run()
INFO - 2023-06-04 04:02:19 --> Session: Class initialized using 'CodeIgniter\Session\Handlers\FileHandler' driver.
INFO - 2023-06-04 04:03:43 --> Session: Class initialized using 'CodeIgniter\Session\Handlers\FileHandler' driver.
INFO - 2023-06-04 04:03:48 --> Session: Class initialized using 'CodeIgniter\Session\Handlers\FileHandler' driver.
INFO - 2023-06-04 04:03:52 --> Session: Class initialized using 'CodeIgniter\Session\Handlers\FileHandler' driver.
INFO - 2023-06-04 04:03:58 --> Session: Class initialized using 'CodeIgniter\Session\Handlers\FileHandler' driver.
INFO - 2023-06-04 04:04:11 --> Session: Class initialized using 'CodeIgniter\Session\Handlers\FileHandler' driver.
INFO - 2023-06-04 04:08:07 --> Session: Class initialized using 'CodeIgniter\Session\Handlers\FileHandler' driver.
INFO - 2023-06-04 04:08:12 --> Session: Class initialized using 'CodeIgniter\Session\Handlers\FileHandler' driver.
INFO - 2023-06-04 04:09:14 --> Session: Class initialized using 'CodeIgniter\Session\Handlers\FileHandler' driver.
INFO - 2023-06-04 04:09:21 --> Session: Class initialized using 'CodeIgniter\Session\Handlers\FileHandler' driver.
INFO - 2023-06-04 04:09:29 --> Session: Class initialized using 'CodeIgniter\Session\Handlers\FileHandler' driver.
INFO - 2023-06-04 04:09:34 --> Session: Class initialized using 'CodeIgniter\Session\Handlers\FileHandler' driver.
INFO - 2023-06-04 04:09:36 --> Session: Class initialized using 'CodeIgniter\Session\Handlers\FileHandler' driver.
INFO - 2023-06-04 04:09:41 --> Session: Class initialized using 'CodeIgniter\Session\Handlers\FileHandler' driver.
INFO - 2023-06-04 04:09:44 --> Session: Class initialized using 'CodeIgniter\Session\Handlers\FileHandler' driver.
INFO - 2023-06-04 04:09:49 --> Session: Class initialized using 'CodeIgniter\Session\Handlers\FileHandler' driver.
INFO - 2023-06-04 04:09:51 --> Session: Class initialized using 'CodeIgniter\Session\Handlers\FileHandler' driver.
INFO - 2023-06-04 04:09:53 --> Session: Class initialized using 'CodeIgniter\Session\Handlers\FileHandler' driver.
INFO - 2023-06-04 04:09:56 --> Session: Class initialized using 'CodeIgniter\Session\Handlers\FileHandler' driver.
INFO - 2023-06-04 04:10:00 --> Session: Class initialized using 'CodeIgniter\Session\Handlers\FileHandler' driver.
INFO - 2023-06-04 04:10:03 --> Session: Class initialized using 'CodeIgniter\Session\Handlers\FileHandler' driver.
INFO - 2023-06-04 04:10:09 --> Session: Class initialized using 'CodeIgniter\Session\Handlers\FileHandler' driver.
INFO - 2023-06-04 04:12:40 --> Session: Class initialized using 'CodeIgniter\Session\Handlers\FileHandler' driver.
INFO - 2023-06-04 04:12:43 --> Session: Class initialized using 'CodeIgniter\Session\Handlers\FileHandler' driver.
INFO - 2023-06-04 04:12:43 --> Session: Class initialized using 'CodeIgniter\Session\Handlers\FileHandler' driver.
INFO - 2023-06-04 04:12:46 --> Session: Class initialized using 'CodeIgniter\Session\Handlers\FileHandler' driver.
CRITICAL - 2023-06-04 04:17:27 --> syntax error, unexpected token "public", expecting end of file
in APPPATH\Models\ModelLokasi.php on line 39.
 1 SYSTEMPATH\Autoloader\Autoloader.php(289): CodeIgniter\Autoloader\Autoloader->includeFile('C:\\xampp\\htdocs\\gis_leaflet\\app\\Models\\ModelLokasi.php')
 2 SYSTEMPATH\Autoloader\Autoloader.php(267): CodeIgniter\Autoloader\Autoloader->loadInNamespace('App\\Models\\ModelLokasi')
 3 APPPATH\Controllers\Lokasi.php(11): CodeIgniter\Autoloader\Autoloader->loadClass('App\\Models\\ModelLokasi')
 4 SYSTEMPATH\CodeIgniter.php(906): App\Controllers\Lokasi->__construct()
 5 SYSTEMPATH\CodeIgniter.php(490): CodeIgniter\CodeIgniter->createController()
 6 SYSTEMPATH\CodeIgniter.php(368): CodeIgniter\CodeIgniter->handleRequest(null, Object(Config\Cache), false)
 7 FCPATH\index.php(67): CodeIgniter\CodeIgniter->run()
CRITICAL - 2023-06-04 04:17:55 --> syntax error, unexpected token "public", expecting end of file
in APPPATH\Models\ModelLokasi.php on line 39.
 1 SYSTEMPATH\Autoloader\Autoloader.php(289): CodeIgniter\Autoloader\Autoloader->includeFile('C:\\xampp\\htdocs\\gis_leaflet\\app\\Models\\ModelLokasi.php')
 2 SYSTEMPATH\Autoloader\Autoloader.php(267): CodeIgniter\Autoloader\Autoloader->loadInNamespace('App\\Models\\ModelLokasi')
 3 APPPATH\Controllers\Lokasi.php(11): CodeIgniter\Autoloader\Autoloader->loadClass('App\\Models\\ModelLokasi')
 4 SYSTEMPATH\CodeIgniter.php(906): App\Controllers\Lokasi->__construct()
 5 SYSTEMPATH\CodeIgniter.php(490): CodeIgniter\CodeIgniter->createController()
 6 SYSTEMPATH\CodeIgniter.php(368): CodeIgniter\CodeIgniter->handleRequest(null, Object(Config\Cache), false)
 7 FCPATH\index.php(67): CodeIgniter\CodeIgniter->run()
CRITICAL - 2023-06-04 04:17:56 --> syntax error, unexpected token "public", expecting end of file
in APPPATH\Models\ModelLokasi.php on line 39.
 1 SYSTEMPATH\Autoloader\Autoloader.php(289): CodeIgniter\Autoloader\Autoloader->includeFile('C:\\xampp\\htdocs\\gis_leaflet\\app\\Models\\ModelLokasi.php')
 2 SYSTEMPATH\Autoloader\Autoloader.php(267): CodeIgniter\Autoloader\Autoloader->loadInNamespace('App\\Models\\ModelLokasi')
 3 APPPATH\Controllers\Lokasi.php(11): CodeIgniter\Autoloader\Autoloader->loadClass('App\\Models\\ModelLokasi')
 4 SYSTEMPATH\CodeIgniter.php(906): App\Controllers\Lokasi->__construct()
 5 SYSTEMPATH\CodeIgniter.php(490): CodeIgniter\CodeIgniter->createController()
 6 SYSTEMPATH\CodeIgniter.php(368): CodeIgniter\CodeIgniter->handleRequest(null, Object(Config\Cache), false)
 7 FCPATH\index.php(67): CodeIgniter\CodeIgniter->run()
INFO - 2023-06-04 04:19:19 --> Session: Class initialized using 'CodeIgniter\Session\Handlers\FileHandler' driver.
INFO - 2023-06-04 04:21:04 --> Session: Class initialized using 'CodeIgniter\Session\Handlers\FileHandler' driver.
CRITICAL - 2023-06-04 04:21:07 --> Cannot access offset of type string on string
in APPPATH\Models\ModelLokasi.php on line 41.
 1 APPPATH\Controllers\Lokasi.php(194): App\Models\ModelLokasi->deleteData('9')
 2 SYSTEMPATH\CodeIgniter.php(934): App\Controllers\Lokasi->deleteLokasi('9')
 3 SYSTEMPATH\CodeIgniter.php(499): CodeIgniter\CodeIgniter->runController(Object(App\Controllers\Lokasi))
 4 SYSTEMPATH\CodeIgniter.php(368): CodeIgniter\CodeIgniter->handleRequest(null, Object(Config\Cache), false)
 5 FCPATH\index.php(67): CodeIgniter\CodeIgniter->run()
CRITICAL - 2023-06-04 04:22:16 --> Cannot access offset of type string on string
in APPPATH\Models\ModelLokasi.php on line 41.
 1 APPPATH\Controllers\Lokasi.php(194): App\Models\ModelLokasi->deleteData('9')
 2 SYSTEMPATH\CodeIgniter.php(934): App\Controllers\Lokasi->deleteLokasi('9')
 3 SYSTEMPATH\CodeIgniter.php(499): CodeIgniter\CodeIgniter->runController(Object(App\Controllers\Lokasi))
 4 SYSTEMPATH\CodeIgniter.php(368): CodeIgniter\CodeIgniter->handleRequest(null, Object(Config\Cache), false)
 5 FCPATH\index.php(67): CodeIgniter\CodeIgniter->run()
INFO - 2023-06-04 04:24:52 --> Session: Class initialized using 'CodeIgniter\Session\Handlers\FileHandler' driver.
INFO - 2023-06-04 04:24:54 --> Session: Class initialized using 'CodeIgniter\Session\Handlers\FileHandler' driver.
INFO - 2023-06-04 04:24:55 --> Session: Class initialized using 'CodeIgniter\Session\Handlers\FileHandler' driver.
INFO - 2023-06-04 04:24:59 --> Session: Class initialized using 'CodeIgniter\Session\Handlers\FileHandler' driver.
INFO - 2023-06-04 04:24:59 --> Session: Class initialized using 'CodeIgniter\Session\Handlers\FileHandler' driver.
INFO - 2023-06-04 04:25:12 --> Session: Class initialized using 'CodeIgniter\Session\Handlers\FileHandler' driver.
INFO - 2023-06-04 04:25:32 --> Session: Class initialized using 'CodeIgniter\Session\Handlers\FileHandler' driver.
INFO - 2023-06-04 04:26:55 --> Session: Class initialized using 'CodeIgniter\Session\Handlers\FileHandler' driver.
INFO - 2023-06-04 05:06:14 --> Session: Class initialized using 'CodeIgniter\Session\Handlers\FileHandler' driver.
INFO - 2023-06-04 05:07:18 --> Session: Class initialized using 'CodeIgniter\Session\Handlers\FileHandler' driver.
INFO - 2023-06-04 05:07:24 --> Session: Class initialized using 'CodeIgniter\Session\Handlers\FileHandler' driver.
INFO - 2023-06-04 05:08:16 --> Session: Class initialized using 'CodeIgniter\Session\Handlers\FileHandler' driver.
INFO - 2023-06-04 05:08:24 --> Session: Class initialized using 'CodeIgniter\Session\Handlers\FileHandler' driver.
INFO - 2023-06-04 05:08:43 --> Session: Class initialized using 'CodeIgniter\Session\Handlers\FileHandler' driver.
